2024-10-21 13:33:21 - interceptor.logger - INFO - Request path: /phpinfo.php
2024-10-21 13:33:21 - interceptor.logger - INFO - Response status code: 404
2024-10-21 13:33:21 - django.request - WARNING - Not Found: /phpinfo.php
2024-10-21 13:33:21 - interceptor.logger - INFO - Request path: /info.php
2024-10-21 13:33:21 - interceptor.logger - INFO - Response status code: 404
2024-10-21 13:33:21 - django.request - WARNING - Not Found: /info.php
2024-10-21 13:33:21 - interceptor.logger - INFO - Request path: /phpinfo
2024-10-21 13:33:21 - interceptor.logger - INFO - Response status code: 404
2024-10-21 13:33:21 - django.request - WARNING - Not Found: /phpinfo
2024-10-21 13:33:22 - interceptor.logger - INFO - Request path: /aws.yml
2024-10-21 13:33:22 - interceptor.logger - INFO - Response status code: 404
2024-10-21 13:33:22 - django.request - WARNING - Not Found: /aws.yml
2024-10-21 13:33:22 - interceptor.logger - INFO - Request path: /.aws/credentials
2024-10-21 13:33:22 - interceptor.logger - INFO - Response status code: 404
2024-10-21 13:33:22 - django.request - WARNING - Not Found: /.aws/credentials
2024-10-21 13:33:23 - interceptor.logger - INFO - Request path: /_profiler/phpinfo
2024-10-21 13:33:23 - interceptor.logger - INFO - Response status code: 404
2024-10-21 13:33:23 - django.request - WARNING - Not Found: /_profiler/phpinfo
2024-10-21 13:33:23 - interceptor.logger - INFO - Request path: /test.php
2024-10-21 13:33:23 - interceptor.logger - INFO - Response status code: 404
2024-10-21 13:33:23 - django.request - WARNING - Not Found: /test.php
2024-10-21 13:33:23 - interceptor.logger - INFO - Request path: /.env.bak
2024-10-21 13:33:23 - interceptor.logger - INFO - Response status code: 404
2024-10-21 13:33:23 - django.request - WARNING - Not Found: /.env.bak
